Traceback (most recent call last):
  File "C:\Users\user\AppData\Local\Programs\Python\Python310\lib\site-packages\jupyter_core\utils\__init__.py", line 154, in wrapped
    asyncio.get_running_loop()
RuntimeError: no running event loop

During handling of the above exception, another exception occurred:

Traceback (most recent call last):
  File "C:\Users\user\AppData\Local\Programs\Python\Python310\lib\site-packages\jupyter_cache\executors\utils.py", line 58, in single_nb_execution
    executenb(
  File "C:\Users\user\AppData\Local\Programs\Python\Python310\lib\site-packages\nbclient\client.py", line 1319, in execute
    return NotebookClient(nb=nb, resources=resources, km=km, **kwargs).execute()
  File "C:\Users\user\AppData\Local\Programs\Python\Python310\lib\site-packages\jupyter_core\utils\__init__.py", line 158, in wrapped
    return loop.run_until_complete(inner)
  File "C:\Users\user\AppData\Local\Programs\Python\Python310\lib\asyncio\base_events.py", line 649, in run_until_complete
    return future.result()
  File "C:\Users\user\AppData\Local\Programs\Python\Python310\lib\site-packages\nbclient\client.py", line 709, in async_execute
    await self.async_execute_cell(
  File "C:\Users\user\AppData\Local\Programs\Python\Python310\lib\site-packages\nbclient\client.py", line 1062, in async_execute_cell
    await self._check_raise_for_error(cell, cell_index, exec_reply)
  File "C:\Users\user\AppData\Local\Programs\Python\Python310\lib\site-packages\nbclient\client.py", line 918, in _check_raise_for_error
    raise CellExecutionError.from_cell_and_msg(cell, exec_reply_content)
nbclient.exceptions.CellExecutionError: An error occurred while executing the following cell:
------------------
new_file = "rekaman_baru.wav"
mfcc_new = get_mfcc_matrix(new_file)
------------------

----- stderr -----
C:\Users\user\AppData\Local\Temp\ipykernel_17732\240347203.py:5: UserWarning: PySoundFile failed. Trying audioread instead.
  y, _ = librosa.load(filepath, sr=sr)
C:\Users\user\AppData\Local\Programs\Python\Python310\lib\site-packages\librosa\core\audio.py:184: FutureWarning: librosa.core.audio.__audioread_load
	Deprecated as of librosa version 0.10.0.
	It will be removed in librosa version 1.0.
  y, sr_native = __audioread_load(path, offset, duration, dtype)
------------------

[1;31m-------------------------------------------------------------------------[0m
[1;31mLibsndfileError[0m                         Traceback (most recent call last)
File [1;32m~\AppData\Local\Programs\Python\Python310\lib\site-packages\librosa\core\audio.py:176[0m, in [0;36mload[1;34m(path, sr, mono, offset, duration, dtype, res_type)[0m
[0;32m    175[0m [38;5;28;01mtry[39;00m:
[1;32m--> 176[0m     y, sr_native [38;5;241m=[39m [43m__soundfile_load[49m[43m([49m[43mpath[49m[43m,[49m[43m [49m[43moffset[49m[43m,[49m[43m [49m[43mduration[49m[43m,[49m[43m [49m[43mdtype[49m[43m)[49m
[0;32m    178[0m [38;5;28;01mexcept[39;00m sf[38;5;241m.[39mSoundFileRuntimeError [38;5;28;01mas[39;00m exc:
[0;32m    179[0m     [38;5;66;03m# If soundfile failed, try audioread instead[39;00m

File [1;32m~\AppData\Local\Programs\Python\Python310\lib\site-packages\librosa\core\audio.py:209[0m, in [0;36m__soundfile_load[1;34m(path, offset, duration, dtype)[0m
[0;32m    207[0m [38;5;28;01melse[39;00m:
[0;32m    208[0m     [38;5;66;03m# Otherwise, create the soundfile object[39;00m
[1;32m--> 209[0m     context [38;5;241m=[39m [43msf[49m[38;5;241;43m.[39;49m[43mSoundFile[49m[43m([49m[43mpath[49m[43m)[49m
[0;32m    211[0m [38;5;28;01mwith[39;00m context [38;5;28;01mas[39;00m sf_desc:

File [1;32m~\AppData\Local\Programs\Python\Python310\lib\site-packages\soundfile.py:690[0m, in [0;36mSoundFile.__init__[1;34m(self, file, mode, samplerate, channels, subtype, endian, format, closefd, compression_level, bitrate_mode)[0m
[0;32m    688[0m [38;5;28mself[39m[38;5;241m.[39m_info [38;5;241m=[39m _create_info_struct(file, mode, samplerate, channels,
[0;32m    689[0m                                  [38;5;28mformat[39m, subtype, endian)
[1;32m--> 690[0m [38;5;28mself[39m[38;5;241m.[39m_file [38;5;241m=[39m [38;5;28;43mself[39;49m[38;5;241;43m.[39;49m[43m_open[49m[43m([49m[43mfile[49m[43m,[49m[43m [49m[43mmode_int[49m[43m,[49m[43m [49m[43mclosefd[49m[43m)[49m
[0;32m    691[0m [38;5;28;01mif[39;00m [38;5;28mset[39m(mode)[38;5;241m.[39missuperset([38;5;124m'[39m[38;5;124mr+[39m[38;5;124m'[39m) [38;5;129;01mand[39;00m [38;5;28mself[39m[38;5;241m.[39mseekable():
[0;32m    692[0m     [38;5;66;03m# Move write position to 0 (like in Python file objects)[39;00m

File [1;32m~\AppData\Local\Programs\Python\Python310\lib\site-packages\soundfile.py:1265[0m, in [0;36mSoundFile._open[1;34m(self, file, mode_int, closefd)[0m
[0;32m   1264[0m     err [38;5;241m=[39m _snd[38;5;241m.[39msf_error(file_ptr)
[1;32m-> 1265[0m     [38;5;28;01mraise[39;00m LibsndfileError(err, prefix[38;5;241m=[39m[38;5;124m"[39m[38;5;124mError opening [39m[38;5;132;01m{0!r}[39;00m[38;5;124m: [39m[38;5;124m"[39m[38;5;241m.[39mformat([38;5;28mself[39m[38;5;241m.[39mname))
[0;32m   1266[0m [38;5;28;01mif[39;00m mode_int [38;5;241m==[39m _snd[38;5;241m.[39mSFM_WRITE:
[0;32m   1267[0m     [38;5;66;03m# Due to a bug in libsndfile version <= 1.0.25, frames != 0[39;00m
[0;32m   1268[0m     [38;5;66;03m# when opening a named pipe in SFM_WRITE mode.[39;00m
[0;32m   1269[0m     [38;5;66;03m# See http://github.com/erikd/libsndfile/issues/77.[39;00m

[1;31mLibsndfileError[0m: Error opening 'rekaman_baru.wav': System error.

During handling of the above exception, another exception occurred:

[1;31mFileNotFoundError[0m                       Traceback (most recent call last)
Cell [1;32mIn[7], line 2[0m
[0;32m      1[0m new_file [38;5;241m=[39m [38;5;124m"[39m[38;5;124mrekaman_baru.wav[39m[38;5;124m"[39m
[1;32m----> 2[0m mfcc_new [38;5;241m=[39m [43mget_mfcc_matrix[49m[43m([49m[43mnew_file[49m[43m)[49m

Cell [1;32mIn[5], line 5[0m, in [0;36mget_mfcc_matrix[1;34m(filepath, sr, n_mfcc)[0m
[0;32m      4[0m [38;5;28;01mdef[39;00m[38;5;250m [39m[38;5;21mget_mfcc_matrix[39m(filepath, sr[38;5;241m=[39m[38;5;241m16000[39m, n_mfcc[38;5;241m=[39m[38;5;241m13[39m):
[1;32m----> 5[0m     y, _ [38;5;241m=[39m [43mlibrosa[49m[38;5;241;43m.[39;49m[43mload[49m[43m([49m[43mfilepath[49m[43m,[49m[43m [49m[43msr[49m[38;5;241;43m=[39;49m[43msr[49m[43m)[49m
[0;32m      6[0m     mfcc [38;5;241m=[39m librosa[38;5;241m.[39mfeature[38;5;241m.[39mmfcc(y[38;5;241m=[39my, sr[38;5;241m=[39msr, n_mfcc[38;5;241m=[39mn_mfcc)  
[0;32m      7[0m     [38;5;28;01mreturn[39;00m mfcc[38;5;241m.[39mT

File [1;32m~\AppData\Local\Programs\Python\Python310\lib\site-packages\librosa\core\audio.py:184[0m, in [0;36mload[1;34m(path, sr, mono, offset, duration, dtype, res_type)[0m
[0;32m    180[0m [38;5;28;01mif[39;00m [38;5;28misinstance[39m(path, ([38;5;28mstr[39m, pathlib[38;5;241m.[39mPurePath)):
[0;32m    181[0m     warnings[38;5;241m.[39mwarn(
[0;32m    182[0m         [38;5;124m"[39m[38;5;124mPySoundFile failed. Trying audioread instead.[39m[38;5;124m"[39m, stacklevel[38;5;241m=[39m[38;5;241m2[39m
[0;32m    183[0m     )
[1;32m--> 184[0m     y, sr_native [38;5;241m=[39m [43m__audioread_load[49m[43m([49m[43mpath[49m[43m,[49m[43m [49m[43moffset[49m[43m,[49m[43m [49m[43mduration[49m[43m,[49m[43m [49m[43mdtype[49m[43m)[49m
[0;32m    185[0m [38;5;28;01melse[39;00m:
[0;32m    186[0m     [38;5;28;01mraise[39;00m exc

File [1;32m~\AppData\Local\Programs\Python\Python310\lib\site-packages\decorator.py:235[0m, in [0;36mdecorate.<locals>.fun[1;34m(*args, **kw)[0m
[0;32m    233[0m [38;5;28;01mif[39;00m [38;5;129;01mnot[39;00m kwsyntax:
[0;32m    234[0m     args, kw [38;5;241m=[39m fix(args, kw, sig)
[1;32m--> 235[0m [38;5;28;01mreturn[39;00m caller(func, [38;5;241m*[39m(extras [38;5;241m+[39m args), [38;5;241m*[39m[38;5;241m*[39mkw)

File [1;32m~\AppData\Local\Programs\Python\Python310\lib\site-packages\librosa\util\decorators.py:63[0m, in [0;36mdeprecated.<locals>.__wrapper[1;34m(func, *args, **kwargs)[0m
[0;32m     54[0m [38;5;250m[39m[38;5;124;03m"""Warn the user, and then proceed."""[39;00m
[0;32m     55[0m warnings[38;5;241m.[39mwarn(
[0;32m     56[0m     [38;5;124m"[39m[38;5;132;01m{:s}[39;00m[38;5;124m.[39m[38;5;132;01m{:s}[39;00m[38;5;130;01m\n[39;00m[38;5;130;01m\t[39;00m[38;5;124mDeprecated as of librosa version [39m[38;5;132;01m{:s}[39;00m[38;5;124m.[39m[38;5;124m"[39m
[0;32m     57[0m     [38;5;124m"[39m[38;5;130;01m\n[39;00m[38;5;130;01m\t[39;00m[38;5;124mIt will be removed in librosa version [39m[38;5;132;01m{:s}[39;00m[38;5;124m.[39m[38;5;124m"[39m[38;5;241m.[39mformat(
[1;32m   (...)[0m
[0;32m     61[0m     stacklevel[38;5;241m=[39m[38;5;241m3[39m,  [38;5;66;03m# Would be 2, but the decorator adds a level[39;00m
[0;32m     62[0m )
[1;32m---> 63[0m [38;5;28;01mreturn[39;00m func([38;5;241m*[39margs, [38;5;241m*[39m[38;5;241m*[39mkwargs)

File [1;32m~\AppData\Local\Programs\Python\Python310\lib\site-packages\librosa\core\audio.py:240[0m, in [0;36m__audioread_load[1;34m(path, offset, duration, dtype)[0m
[0;32m    237[0m     reader [38;5;241m=[39m path
[0;32m    238[0m [38;5;28;01melse[39;00m:
[0;32m    239[0m     [38;5;66;03m# If the input was not an audioread object, try to open it[39;00m
[1;32m--> 240[0m     reader [38;5;241m=[39m [43maudioread[49m[38;5;241;43m.[39;49m[43maudio_open[49m[43m([49m[43mpath[49m[43m)[49m
[0;32m    242[0m [38;5;28;01mwith[39;00m reader [38;5;28;01mas[39;00m input_file:
[0;32m    243[0m     sr_native [38;5;241m=[39m input_file[38;5;241m.[39msamplerate

File [1;32m~\AppData\Local\Programs\Python\Python310\lib\site-packages\audioread\__init__.py:126[0m, in [0;36maudio_open[1;34m(path, backends)[0m
[0;32m    124[0m [38;5;28;01mfor[39;00m BackendClass [38;5;129;01min[39;00m backends:
[0;32m    125[0m     [38;5;28;01mtry[39;00m:
[1;32m--> 126[0m         [38;5;28;01mreturn[39;00m [43mBackendClass[49m[43m([49m[43mpath[49m[43m)[49m
[0;32m    127[0m     [38;5;28;01mexcept[39;00m DecodeError:
[0;32m    128[0m         [38;5;28;01mpass[39;00m

File [1;32m~\AppData\Local\Programs\Python\Python310\lib\site-packages\audioread\rawread.py:59[0m, in [0;36mRawAudioFile.__init__[1;34m(self, filename)[0m
[0;32m     58[0m [38;5;28;01mdef[39;00m[38;5;250m [39m[38;5;21m__init__[39m([38;5;28mself[39m, filename):
[1;32m---> 59[0m     [38;5;28mself[39m[38;5;241m.[39m_fh [38;5;241m=[39m [38;5;28;43mopen[39;49m[43m([49m[43mfilename[49m[43m,[49m[43m [49m[38;5;124;43m'[39;49m[38;5;124;43mrb[39;49m[38;5;124;43m'[39;49m[43m)[49m
[0;32m     61[0m     [38;5;28;01mtry[39;00m:
[0;32m     62[0m         [38;5;28mself[39m[38;5;241m.[39m_file [38;5;241m=[39m aifc[38;5;241m.[39mopen([38;5;28mself[39m[38;5;241m.[39m_fh)

[1;31mFileNotFoundError[0m: [Errno 2] No such file or directory: 'rekaman_baru.wav'

